0 info it worked if it ends with ok
1 verbose cli [ '/Users/wangjuan30/.nvm/versions/node/v6.9.4/bin/node',
1 verbose cli   '/Users/wangjuan30/.nvm/versions/node/v6.9.4/bin/npm',
1 verbose cli   'install',
1 verbose cli   'node',
1 verbose cli   '-g' ]
2 info using npm@3.10.10
3 info using node@v6.9.4
4 silly loadCurrentTree Starting
5 silly install loadCurrentTree
6 silly install readGlobalPackageData
7 silly fetchPackageMetaData node
8 silly fetchNamedPackageData node
9 silly mapToRegistry name node
10 silly mapToRegistry using default registry
11 silly mapToRegistry registry https://registry.npm.taobao.org/
12 silly mapToRegistry data Result {
12 silly mapToRegistry   raw: 'node',
12 silly mapToRegistry   scope: null,
12 silly mapToRegistry   escapedName: 'node',
12 silly mapToRegistry   name: 'node',
12 silly mapToRegistry   rawSpec: '',
12 silly mapToRegistry   spec: 'latest',
12 silly mapToRegistry   type: 'tag' }
13 silly mapToRegistry uri https://registry.npm.taobao.org/node
14 verbose request uri https://registry.npm.taobao.org/node
15 verbose request no auth needed
16 info attempt registry request try #1 at 4:08:23 PM
17 verbose request id 6a6a4a372ab907a7
18 http request GET https://registry.npm.taobao.org/node
19 http 200 https://registry.npm.taobao.org/node
20 verbose headers { date: 'Wed, 20 Feb 2019 08:08:43 GMT',
20 verbose headers   'content-type': 'application/json; charset=utf-8',
20 verbose headers   'transfer-encoding': 'chunked',
20 verbose headers   connection: 'keep-alive',
20 verbose headers   'x-current-requests': '1',
20 verbose headers   vary: 'Origin',
20 verbose headers   etag: 'W/"b46f5bf0ceb9cf5fefaff3af0e012cb0"',
20 verbose headers   'x-readtime': '403',
20 verbose headers   via: 'npmtaobao22',
20 verbose headers   'content-encoding': 'gzip' }
21 silly get cb [ 200,
21 silly get   { date: 'Wed, 20 Feb 2019 08:08:43 GMT',
21 silly get     'content-type': 'application/json; charset=utf-8',
21 silly get     'transfer-encoding': 'chunked',
21 silly get     connection: 'keep-alive',
21 silly get     'x-current-requests': '1',
21 silly get     vary: 'Origin',
21 silly get     etag: 'W/"b46f5bf0ceb9cf5fefaff3af0e012cb0"',
21 silly get     'x-readtime': '403',
21 silly get     via: 'npmtaobao22',
21 silly get     'content-encoding': 'gzip' } ]
22 verbose get saving node to /Users/wangjuan30/.npm/registry.npm.taobao.org/node/.cache.json
23 verbose correctMkdir /Users/wangjuan30/.npm correctMkdir not in flight; initializing
24 silly install normalizeTree
25 silly loadCurrentTree Finishing
26 silly loadIdealTree Starting
27 silly install loadIdealTree
28 silly cloneCurrentTree Starting
29 silly install cloneCurrentTreeToIdealTree
30 silly cloneCurrentTree Finishing
31 silly loadShrinkwrap Starting
32 silly install loadShrinkwrap
33 silly loadShrinkwrap Finishing
34 silly loadAllDepsIntoIdealTree Starting
35 silly install loadAllDepsIntoIdealTree
36 silly resolveWithNewModule node@11.10.0 checking installable status
37 silly cache add args [ 'node', null ]
38 verbose cache add spec node
39 silly cache add parsed spec Result {
39 silly cache add   raw: 'node',
39 silly cache add   scope: null,
39 silly cache add   escapedName: 'node',
39 silly cache add   name: 'node',
39 silly cache add   rawSpec: '',
39 silly cache add   spec: 'latest',
39 silly cache add   type: 'tag' }
40 silly addNamed node@latest
41 verbose addNamed "latest" is being treated as a dist-tag for node
42 info addNameTag [ 'node', 'latest' ]
43 silly mapToRegistry name node
44 silly mapToRegistry using default registry
45 silly mapToRegistry registry https://registry.npm.taobao.org/
46 silly mapToRegistry data Result {
46 silly mapToRegistry   raw: 'node',
46 silly mapToRegistry   scope: null,
46 silly mapToRegistry   escapedName: 'node',
46 silly mapToRegistry   name: 'node',
46 silly mapToRegistry   rawSpec: '',
46 silly mapToRegistry   spec: 'latest',
46 silly mapToRegistry   type: 'tag' }
47 silly mapToRegistry uri https://registry.npm.taobao.org/node
48 verbose addNameTag registry:https://registry.npm.taobao.org/node not in flight; fetching
49 verbose get https://registry.npm.taobao.org/node not expired, no request
50 silly addNameTag next cb for node with tag latest
51 silly addNamed node@11.10.0
52 verbose addNamed "11.10.0" is a plain semver version for node
53 silly mapToRegistry name node
54 silly mapToRegistry using default registry
55 silly mapToRegistry registry https://registry.npm.taobao.org/
56 silly mapToRegistry data Result {
56 silly mapToRegistry   raw: 'node',
56 silly mapToRegistry   scope: null,
56 silly mapToRegistry   escapedName: 'node',
56 silly mapToRegistry   name: 'node',
56 silly mapToRegistry   rawSpec: '',
56 silly mapToRegistry   spec: 'latest',
56 silly mapToRegistry   type: 'tag' }
57 silly mapToRegistry uri https://registry.npm.taobao.org/node
58 verbose addRemoteTarball https://registry.npm.taobao.org/node/download/node-11.10.0.tgz not in flight; adding
59 verbose addRemoteTarball [ 'https://registry.npm.taobao.org/node/download/node-11.10.0.tgz',
59 verbose addRemoteTarball   'f6ed6667d9e0f6bace726579a227a14cc7b02b15' ]
60 info retry fetch attempt 1 at 4:08:26 PM
61 info attempt registry request try #1 at 4:08:26 PM
62 http fetch GET https://registry.npm.taobao.org/node/download/node-11.10.0.tgz
63 http fetch 200 https://registry.npm.taobao.org/node/download/node-11.10.0.tgz
64 silly fetchAndShaCheck shasum f6ed6667d9e0f6bace726579a227a14cc7b02b15
65 verbose addTmpTarball /var/folders/4g/yf9lv39j3rx3yxq0z45dm6shjzss6g/T/npm-22960-d5075b26/registry.npm.taobao.org/node/download/node-11.10.0.tgz not in flight; adding
66 verbose addTmpTarball already have metadata; skipping unpack for node@11.10.0
67 verbose correctMkdir /Users/wangjuan30/.npm correctMkdir not in flight; initializing
68 silly cache afterAdd node@11.10.0
69 verbose afterAdd /Users/wangjuan30/.npm/node/11.10.0/package/package.json not in flight; writing
70 verbose correctMkdir /Users/wangjuan30/.npm correctMkdir not in flight; initializing
71 verbose afterAdd /Users/wangjuan30/.npm/node/11.10.0/package/package.json written
72 silly fetchNamedPackageData node-bin-setup
73 silly mapToRegistry name node-bin-setup
74 silly mapToRegistry using default registry
75 silly mapToRegistry registry https://registry.npm.taobao.org/
76 silly mapToRegistry data Result {
76 silly mapToRegistry   raw: 'node-bin-setup',
76 silly mapToRegistry   scope: null,
76 silly mapToRegistry   escapedName: 'node-bin-setup',
76 silly mapToRegistry   name: 'node-bin-setup',
76 silly mapToRegistry   rawSpec: '',
76 silly mapToRegistry   spec: 'latest',
76 silly mapToRegistry   type: 'tag' }
77 silly mapToRegistry uri https://registry.npm.taobao.org/node-bin-setup
78 verbose request uri https://registry.npm.taobao.org/node-bin-setup
79 verbose request no auth needed
80 info attempt registry request try #1 at 4:08:26 PM
81 http request GET https://registry.npm.taobao.org/node-bin-setup
82 http 200 https://registry.npm.taobao.org/node-bin-setup
83 verbose headers { date: 'Wed, 20 Feb 2019 08:08:44 GMT',
83 verbose headers   'content-type': 'application/json; charset=utf-8',
83 verbose headers   'transfer-encoding': 'chunked',
83 verbose headers   connection: 'keep-alive',
83 verbose headers   'x-current-requests': '1',
83 verbose headers   vary: 'Origin',
83 verbose headers   etag: 'W/"78836b39a3b3103d07ad2163b4f2a373"',
83 verbose headers   'x-readtime': '85',
83 verbose headers   via: 'npmtaobao7',
83 verbose headers   'content-encoding': 'gzip' }
84 silly get cb [ 200,
84 silly get   { date: 'Wed, 20 Feb 2019 08:08:44 GMT',
84 silly get     'content-type': 'application/json; charset=utf-8',
84 silly get     'transfer-encoding': 'chunked',
84 silly get     connection: 'keep-alive',
84 silly get     'x-current-requests': '1',
84 silly get     vary: 'Origin',
84 silly get     etag: 'W/"78836b39a3b3103d07ad2163b4f2a373"',
84 silly get     'x-readtime': '85',
84 silly get     via: 'npmtaobao7',
84 silly get     'content-encoding': 'gzip' } ]
85 verbose get saving node-bin-setup to /Users/wangjuan30/.npm/registry.npm.taobao.org/node-bin-setup/.cache.json
86 verbose correctMkdir /Users/wangjuan30/.npm correctMkdir not in flight; initializing
87 silly resolveWithNewModule node-bin-setup@1.0.6 checking installable status
88 silly cache add args [ 'node-bin-setup@^1.0.0', null ]
89 verbose cache add spec node-bin-setup@^1.0.0
90 silly cache add parsed spec Result {
90 silly cache add   raw: 'node-bin-setup@^1.0.0',
90 silly cache add   scope: null,
90 silly cache add   escapedName: 'node-bin-setup',
90 silly cache add   name: 'node-bin-setup',
90 silly cache add   rawSpec: '^1.0.0',
90 silly cache add   spec: '>=1.0.0 <2.0.0',
90 silly cache add   type: 'range' }
91 silly addNamed node-bin-setup@>=1.0.0 <2.0.0
92 verbose addNamed ">=1.0.0 <2.0.0" is a valid semver range for node-bin-setup
93 silly addNameRange { name: 'node-bin-setup',
93 silly addNameRange   range: '>=1.0.0 <2.0.0',
93 silly addNameRange   hasData: false }
94 silly mapToRegistry name node-bin-setup
95 silly mapToRegistry using default registry
96 silly mapToRegistry registry https://registry.npm.taobao.org/
97 silly mapToRegistry data Result {
97 silly mapToRegistry   raw: 'node-bin-setup',
97 silly mapToRegistry   scope: null,
97 silly mapToRegistry   escapedName: 'node-bin-setup',
97 silly mapToRegistry   name: 'node-bin-setup',
97 silly mapToRegistry   rawSpec: '',
97 silly mapToRegistry   spec: 'latest',
97 silly mapToRegistry   type: 'tag' }
98 silly mapToRegistry uri https://registry.npm.taobao.org/node-bin-setup
99 verbose addNameRange registry:https://registry.npm.taobao.org/node-bin-setup not in flight; fetching
100 verbose get https://registry.npm.taobao.org/node-bin-setup not expired, no request
101 silly addNameRange number 2 { name: 'node-bin-setup',
101 silly addNameRange   range: '>=1.0.0 <2.0.0',
101 silly addNameRange   hasData: true }
102 silly addNameRange versions [ 'node-bin-setup',
102 silly addNameRange   [ '1.0.6', '1.0.4', '1.0.3', '1.0.2', '1.0.1', '1.0.0' ] ]
103 silly addNamed node-bin-setup@1.0.6
104 verbose addNamed "1.0.6" is a plain semver version for node-bin-setup
105 silly mapToRegistry name node-bin-setup
106 silly mapToRegistry using default registry
107 silly mapToRegistry registry https://registry.npm.taobao.org/
108 silly mapToRegistry data Result {
108 silly mapToRegistry   raw: 'node-bin-setup',
108 silly mapToRegistry   scope: null,
108 silly mapToRegistry   escapedName: 'node-bin-setup',
108 silly mapToRegistry   name: 'node-bin-setup',
108 silly mapToRegistry   rawSpec: '',
108 silly mapToRegistry   spec: 'latest',
108 silly mapToRegistry   type: 'tag' }
109 silly mapToRegistry uri https://registry.npm.taobao.org/node-bin-setup
110 verbose addRemoteTarball https://registry.npm.taobao.org/node-bin-setup/download/node-bin-setup-1.0.6.tgz not in flight; adding
111 verbose addRemoteTarball [ 'https://registry.npm.taobao.org/node-bin-setup/download/node-bin-setup-1.0.6.tgz',
111 verbose addRemoteTarball   '4b5c9bb937ece702d7069b36ca78af4684677528' ]
112 info retry fetch attempt 1 at 4:08:26 PM
113 info attempt registry request try #1 at 4:08:26 PM
114 http fetch GET https://registry.npm.taobao.org/node-bin-setup/download/node-bin-setup-1.0.6.tgz
115 http fetch 200 https://registry.npm.taobao.org/node-bin-setup/download/node-bin-setup-1.0.6.tgz
116 silly fetchAndShaCheck shasum 4b5c9bb937ece702d7069b36ca78af4684677528
117 verbose addTmpTarball /var/folders/4g/yf9lv39j3rx3yxq0z45dm6shjzss6g/T/npm-22960-d5075b26/registry.npm.taobao.org/node-bin-setup/download/node-bin-setup-1.0.6.tgz not in flight; adding
118 verbose addTmpTarball already have metadata; skipping unpack for node-bin-setup@1.0.6
119 verbose correctMkdir /Users/wangjuan30/.npm correctMkdir not in flight; initializing
120 silly cache afterAdd node-bin-setup@1.0.6
121 verbose afterAdd /Users/wangjuan30/.npm/node-bin-setup/1.0.6/package/package.json not in flight; writing
122 verbose correctMkdir /Users/wangjuan30/.npm correctMkdir not in flight; initializing
123 verbose afterAdd /Users/wangjuan30/.npm/node-bin-setup/1.0.6/package/package.json written
124 silly loadAllDepsIntoIdealTree Finishing
125 silly loadIdealTree Finishing
126 silly currentTree lib
127 silly idealTree lib
127 silly idealTree └─┬ node@11.10.0
127 silly idealTree   └── node-bin-setup@1.0.6
128 silly generateActionsToTake Starting
129 silly install generateActionsToTake
130 silly generateActionsToTake Finishing
131 silly diffTrees action count 2
132 silly diffTrees add node-bin-setup@1.0.6
133 silly diffTrees add node@11.10.0
134 silly decomposeActions action count 16
135 silly decomposeActions fetch node-bin-setup@1.0.6
136 silly decomposeActions extract node-bin-setup@1.0.6
137 silly decomposeActions test node-bin-setup@1.0.6
138 silly decomposeActions preinstall node-bin-setup@1.0.6
139 silly decomposeActions build node-bin-setup@1.0.6
140 silly decomposeActions install node-bin-setup@1.0.6
141 silly decomposeActions postinstall node-bin-setup@1.0.6
142 silly decomposeActions finalize node-bin-setup@1.0.6
143 silly decomposeActions fetch node@11.10.0
144 silly decomposeActions extract node@11.10.0
145 silly decomposeActions test node@11.10.0
146 silly decomposeActions preinstall node@11.10.0
147 silly decomposeActions build node@11.10.0
148 silly decomposeActions install node@11.10.0
149 silly decomposeActions postinstall node@11.10.0
150 silly decomposeActions finalize node@11.10.0
151 silly runTopLevelLifecycles Starting
152 silly executeActions Starting
153 silly install executeActions
154 silly doSerial global-install 0
155 silly doParallel fetch 2
156 verbose correctMkdir /Users/wangjuan30/.npm/_locks correctMkdir not in flight; initializing
157 verbose lock using /Users/wangjuan30/.npm/_locks/staging-52b1c0f27321d993.lock for /Users/wangjuan30/.nvm/versions/node/v6.9.4/lib/node_modules/.staging
158 silly doParallel extract 2
159 silly extract node-bin-setup@1.0.6
160 silly extract node@11.10.0
161 verbose unbuild lib/node_modules/.staging/node-bin-setup-b265ffaa
162 verbose unbuild lib/node_modules/.staging/node-67cc58e8
163 silly gentlyRm /Users/wangjuan30/.nvm/versions/node/v6.9.4/lib/node_modules/.staging/node-bin-setup-b265ffaa is being purged from base /Users/wangjuan30/.nvm/versions/node/v6.9.4
164 verbose gentlyRm don't care about contents; nuking /Users/wangjuan30/.nvm/versions/node/v6.9.4/lib/node_modules/.staging/node-bin-setup-b265ffaa
165 verbose tar unpack /Users/wangjuan30/.npm/node-bin-setup/1.0.6/package.tgz
166 verbose tar unpacking to /Users/wangjuan30/.nvm/versions/node/v6.9.4/lib/node_modules/.staging/node-bin-setup-b265ffaa
167 silly gentlyRm /Users/wangjuan30/.nvm/versions/node/v6.9.4/lib/node_modules/.staging/node-bin-setup-b265ffaa is being purged
168 verbose gentlyRm don't care about contents; nuking /Users/wangjuan30/.nvm/versions/node/v6.9.4/lib/node_modules/.staging/node-bin-setup-b265ffaa
169 silly gentlyRm /Users/wangjuan30/.nvm/versions/node/v6.9.4/lib/node_modules/.staging/node-67cc58e8 is being purged from base /Users/wangjuan30/.nvm/versions/node/v6.9.4
170 verbose gentlyRm don't care about contents; nuking /Users/wangjuan30/.nvm/versions/node/v6.9.4/lib/node_modules/.staging/node-67cc58e8
171 silly gunzTarPerm modes [ '755', '644' ]
172 verbose tar unpack /Users/wangjuan30/.npm/node/11.10.0/package.tgz
173 verbose tar unpacking to /Users/wangjuan30/.nvm/versions/node/v6.9.4/lib/node_modules/.staging/node-67cc58e8
174 silly gentlyRm /Users/wangjuan30/.nvm/versions/node/v6.9.4/lib/node_modules/.staging/node-67cc58e8 is being purged
175 verbose gentlyRm don't care about contents; nuking /Users/wangjuan30/.nvm/versions/node/v6.9.4/lib/node_modules/.staging/node-67cc58e8
176 silly gunzTarPerm modes [ '755', '644' ]
177 silly gunzTarPerm extractEntry package.json
178 silly gunzTarPerm extractEntry package.json
179 silly gunzTarPerm extractEntry index.js
180 silly gunzTarPerm extractEntry installArchSpecificPackage.js
181 silly gunzTarPerm extractEntry README.md
182 silly gentlyRm /Users/wangjuan30/.nvm/versions/node/v6.9.4/lib/node_modules/.staging/node-bin-setup-b265ffaa/node_modules is being purged
183 verbose gentlyRm don't care about contents; nuking /Users/wangjuan30/.nvm/versions/node/v6.9.4/lib/node_modules/.staging/node-bin-setup-b265ffaa/node_modules
184 silly gentlyRm /Users/wangjuan30/.nvm/versions/node/v6.9.4/lib/node_modules/.staging/node-67cc58e8/node_modules is being purged
185 verbose gentlyRm don't care about contents; nuking /Users/wangjuan30/.nvm/versions/node/v6.9.4/lib/node_modules/.staging/node-67cc58e8/node_modules
186 silly doParallel preinstall 2
187 silly preinstall node-bin-setup@1.0.6 /Users/wangjuan30/.nvm/versions/node/v6.9.4/lib/node_modules/.staging/node-bin-setup-b265ffaa
188 info lifecycle node-bin-setup@1.0.6~preinstall: node-bin-setup@1.0.6
189 silly preinstall node@11.10.0 /Users/wangjuan30/.nvm/versions/node/v6.9.4/lib/node_modules/.staging/node-67cc58e8
190 info lifecycle node@11.10.0~preinstall: node@11.10.0
191 silly lifecycle node-bin-setup@1.0.6~preinstall: no script for preinstall, continuing
192 verbose lifecycle node@11.10.0~preinstall: unsafe-perm in lifecycle true
193 verbose lifecycle node@11.10.0~preinstall: PATH: /Users/wangjuan30/.nvm/versions/node/v6.9.4/lib/node_modules/npm/bin/node-gyp-bin:/Users/wangjuan30/.nvm/versions/node/v6.9.4/lib/node_modules/.staging/node-67cc58e8/node_modules/.bin:/Users/wangjuan30/.nvm/versions/node/v6.9.4/lib/node_modules/.bin:/Users/wangjuan30/.nvm/versions/node/v6.9.4/bin:/usr/local/opt/maven@3.3/bin:/usr/local/bin:/usr/bin:/bin:/usr/sbin:/sbin
194 verbose lifecycle node@11.10.0~preinstall: CWD: /Users/wangjuan30/.nvm/versions/node/v6.9.4/lib/node_modules/.staging/node-67cc58e8
195 silly lifecycle node@11.10.0~preinstall: Args: [ '-c', 'node installArchSpecificPackage' ]
196 silly lifecycle node@11.10.0~preinstall: Returned: code: 1  signal: null
197 info lifecycle node@11.10.0~preinstall: Failed to exec preinstall script
198 verbose unlock done using /Users/wangjuan30/.npm/_locks/staging-52b1c0f27321d993.lock for /Users/wangjuan30/.nvm/versions/node/v6.9.4/lib/node_modules/.staging
199 silly rollbackFailedOptional Starting
200 silly rollbackFailedOptional Finishing
201 silly runTopLevelLifecycles Finishing
202 silly install printInstalled
203 verbose stack Error: node@11.10.0 preinstall: `node installArchSpecificPackage`
203 verbose stack Exit status 1
203 verbose stack     at EventEmitter.<anonymous> (/Users/wangjuan30/.nvm/versions/node/v6.9.4/lib/node_modules/npm/lib/utils/lifecycle.js:255:16)
203 verbose stack     at emitTwo (events.js:106:13)
203 verbose stack     at EventEmitter.emit (events.js:191:7)
203 verbose stack     at ChildProcess.<anonymous> (/Users/wangjuan30/.nvm/versions/node/v6.9.4/lib/node_modules/npm/lib/utils/spawn.js:40:14)
203 verbose stack     at emitTwo (events.js:106:13)
203 verbose stack     at ChildProcess.emit (events.js:191:7)
203 verbose stack     at maybeClose (internal/child_process.js:877:16)
203 verbose stack     at Process.ChildProcess._handle.onexit (internal/child_process.js:226:5)
204 verbose pkgid node@11.10.0
205 verbose cwd /Users/wangjuan30/Desktop/yhd项目汇总-王娟/echart
206 error Darwin 17.7.0
207 error argv "/Users/wangjuan30/.nvm/versions/node/v6.9.4/bin/node" "/Users/wangjuan30/.nvm/versions/node/v6.9.4/bin/npm" "install" "node" "-g"
208 error node v6.9.4
209 error npm  v3.10.10
210 error code ELIFECYCLE
211 error node@11.10.0 preinstall: `node installArchSpecificPackage`
211 error Exit status 1
212 error Failed at the node@11.10.0 preinstall script 'node installArchSpecificPackage'.
212 error Make sure you have the latest version of node.js and npm installed.
212 error If you do, this is most likely a problem with the node package,
212 error not with npm itself.
212 error Tell the author that this fails on your system:
212 error     node installArchSpecificPackage
212 error You can get information on how to open an issue for this project with:
212 error     npm bugs node
212 error Or if that isn't available, you can get their info via:
212 error     npm owner ls node
212 error There is likely additional logging output above.
213 verbose exit [ 1, true ]
